Thu, 19 Jul 2018 19:23:18 log.py[line:146] INFO Scrapy 1.5.1 started (bot: tencent)
Thu, 19 Jul 2018 19:23:18 log.py[line:149] INFO Versions: lxml 4.2.3.0, libxml2 2.9.8, cssselect 1.0.3, parsel 1.5.0, w3lib 1.19.0, Twisted 18.7.0, Python 3.6.5 (default, May  3 2018, 10:08:28) - [GCC 5.4.0 20160609], pyOpenSSL 18.0.0 (OpenSSL 1.1.0h  27 Mar 2018), cryptography 2.2.2, Platform Linux-4.4.0-130-generic-x86_64-with-Ubuntu-16.04-xenial
Thu, 19 Jul 2018 19:23:18 crawler.py[line:38] INFO Overridden settings: {'BOT_NAME': 'tencent', 'LOG_LEVEL': 'WARNING', 'NEWSPIDER_MODULE': 'tencent.spiders', 'ROBOTSTXT_OBEY': True, 'SPIDER_MODULES': ['tencent.spiders']}
Thu, 19 Jul 2018 19:23:18 middleware.py[line:53] INFO Enabled extensions:
['scrapy.extensions.corestats.CoreStats',
 'scrapy.extensions.telnet.TelnetConsole',
 'scrapy.extensions.memusage.MemoryUsage',
 'scrapy.extensions.logstats.LogStats']
Thu, 19 Jul 2018 19:23:18 middleware.py[line:53] INFO Enabled downloader middlewares:
['tencent.middlewares.RotateUserAgentMiddleware',
 'scrapy.downloadermiddlewares.robotstxt.RobotsTxtMiddleware',
 'scrapy.downloadermiddlewares.httpauth.HttpAuthMiddleware',
 'scrapy.downloadermiddlewares.downloadtimeout.DownloadTimeoutMiddleware',
 'scrapy.downloadermiddlewares.defaultheaders.DefaultHeadersMiddleware',
 'scrapy.downloadermiddlewares.retry.RetryMiddleware',
 'scrapy.downloadermiddlewares.redirect.MetaRefreshMiddleware',
 'scrapy.downloadermiddlewares.httpcompression.HttpCompressionMiddleware',
 'scrapy.downloadermiddlewares.redirect.RedirectMiddleware',
 'scrapy.downloadermiddlewares.cookies.CookiesMiddleware',
 'scrapy.downloadermiddlewares.httpproxy.HttpProxyMiddleware',
 'scrapy.downloadermiddlewares.stats.DownloaderStats']
Thu, 19 Jul 2018 19:23:18 middleware.py[line:53] INFO Enabled spider middlewares:
['scrapy.spidermiddlewares.httperror.HttpErrorMiddleware',
 'scrapy.spidermiddlewares.offsite.OffsiteMiddleware',
 'scrapy.spidermiddlewares.referer.RefererMiddleware',
 'scrapy.spidermiddlewares.urllength.UrlLengthMiddleware',
 'scrapy.spidermiddlewares.depth.DepthMiddleware']
Thu, 19 Jul 2018 19:23:18 warnings.py[line:99] WARNING /home/python/Desktop/Projects/scrapy_examples/tencent/tencent/pipelines.py:8: ScrapyDeprecationWarning: Module `scrapy.log` has been deprecated, Scrapy now relies on the builtin Python library for logging. Read the updated logging entry in the documentation to learn more.
  from scrapy import log, Item

Thu, 19 Jul 2018 19:23:18 middleware.py[line:53] INFO Enabled item pipelines:
['tencent.pipelines.TencentPipeline']
Thu, 19 Jul 2018 19:23:18 engine.py[line:256] INFO Spider opened
Thu, 19 Jul 2018 19:23:18 logstats.py[line:48] INFO Crawled 0 pages (at 0 pages/min), scraped 0 items (at 0 items/min)
Thu, 19 Jul 2018 19:23:18 telnet.py[line:60] DEBUG Telnet console listening on 127.0.0.1:6023
Thu, 19 Jul 2018 19:23:18 engine.py[line:238] DEBUG Crawled (200) <GET https://hr.tencent.com/robots.txt> (referer: None)
Thu, 19 Jul 2018 19:23:18 engine.py[line:238] DEBUG Crawled (200) <GET https://hr.tencent.com/position.php> (referer: None)
Thu, 19 Jul 2018 19:23:18 tencent_hr.py[line:24] DEBUG item
Thu, 19 Jul 2018 19:23:18 scraper.py[line:237] DEBUG Scraped from <200 https://hr.tencent.com/position.php>
{'position': '产品/项目类',
 'publish_date': '2018-07-19',
 'title': 'WXG06-212 微信支付金融产品策划经理（深圳）'}
Thu, 19 Jul 2018 19:23:18 tencent_hr.py[line:24] DEBUG item
Thu, 19 Jul 2018 19:23:18 scraper.py[line:237] DEBUG Scraped from <200 https://hr.tencent.com/position.php>
{'position': '技术类',
 'publish_date': '2018-07-19',
 'title': 'SNG07-高级系统测试工程师（深圳）'}
Thu, 19 Jul 2018 19:23:18 tencent_hr.py[line:24] DEBUG item
Thu, 19 Jul 2018 19:23:18 scraper.py[line:237] DEBUG Scraped from <200 https://hr.tencent.com/position.php>
{'position': '技术类',
 'publish_date': '2018-07-19',
 'title': 'OMG236-Android应用开发工程师（深圳）'}
Thu, 19 Jul 2018 19:23:18 tencent_hr.py[line:24] DEBUG item
Thu, 19 Jul 2018 19:23:18 scraper.py[line:237] DEBUG Scraped from <200 https://hr.tencent.com/position.php>
{'position': '内容编辑类',
 'publish_date': '2018-07-19',
 'title': '27554-腾讯音乐商务导演（上海）'}
Thu, 19 Jul 2018 19:23:18 tencent_hr.py[line:24] DEBUG item
Thu, 19 Jul 2018 19:23:18 scraper.py[line:237] DEBUG Scraped from <200 https://hr.tencent.com/position.php>
{'position': '市场类',
 'publish_date': '2018-07-19',
 'title': '27554-腾讯音乐综艺宣推项目经理(上海)'}
Thu, 19 Jul 2018 19:23:18 tencent_hr.py[line:24] DEBUG item
Thu, 19 Jul 2018 19:23:18 scraper.py[line:237] DEBUG Scraped from <200 https://hr.tencent.com/position.php>
{'position': '内容编辑类',
 'publish_date': '2018-07-19',
 'title': '27554-腾讯音乐技术导演（上海）'}
Thu, 19 Jul 2018 19:23:18 tencent_hr.py[line:24] DEBUG item
Thu, 19 Jul 2018 19:23:18 scraper.py[line:237] DEBUG Scraped from <200 https://hr.tencent.com/position.php>
{'position': '产品/项目类',
 'publish_date': '2018-07-19',
 'title': 'SNG04-产品经理（策划）-综合功能类'}
Thu, 19 Jul 2018 19:23:18 tencent_hr.py[line:24] DEBUG item
Thu, 19 Jul 2018 19:23:18 scraper.py[line:237] DEBUG Scraped from <200 https://hr.tencent.com/position.php>
{'position': '设计类',
 'publish_date': '2018-07-19',
 'title': 'SNG10-即通用户体验设计部-用户研究（北京）'}
Thu, 19 Jul 2018 19:23:18 tencent_hr.py[line:24] DEBUG item
Thu, 19 Jul 2018 19:23:18 scraper.py[line:237] DEBUG Scraped from <200 https://hr.tencent.com/position.php>
{'position': '产品/项目类',
 'publish_date': '2018-07-19',
 'title': '21228-社区内容运营（深圳）'}
Thu, 19 Jul 2018 19:23:18 tencent_hr.py[line:24] DEBUG item
Thu, 19 Jul 2018 19:23:18 scraper.py[line:237] DEBUG Scraped from <200 https://hr.tencent.com/position.php>
{'position': '技术类', 'publish_date': '2018-07-19', 'title': 'OMG148-后台开发工程师（西安）'}
Thu, 19 Jul 2018 19:23:18 engine.py[line:295] INFO Closing spider (finished)
Thu, 19 Jul 2018 19:23:18 statscollectors.py[line:47] INFO Dumping Scrapy stats:
{'downloader/request_bytes': 463,
 'downloader/request_count': 2,
 'downloader/request_method_count/GET': 2,
 'downloader/response_bytes': 4416,
 'downloader/response_count': 2,
 'downloader/response_status_count/200': 2,
 'finish_reason': 'finished',
 'finish_time': datetime.datetime(2018, 7, 19, 11, 23, 18, 933600),
 'item_scraped_count': 10,
 'log_count/WARNING': 1,
 'memusage/max': 823791616,
 'memusage/startup': 823791616,
 'response_received_count': 2,
 'scheduler/dequeued': 1,
 'scheduler/dequeued/memory': 1,
 'scheduler/enqueued': 1,
 'scheduler/enqueued/memory': 1,
 'start_time': datetime.datetime(2018, 7, 19, 11, 23, 18, 365728)}
Thu, 19 Jul 2018 19:23:18 engine.py[line:326] INFO Spider closed (finished)
