Fri, 27 Jul 2018 18:03:18 log.py[line:146] INFO Scrapy 1.5.1 started (bot: jobbole)
Fri, 27 Jul 2018 18:03:18 log.py[line:149] INFO Versions: lxml 4.2.3.0, libxml2 2.9.8, cssselect 1.0.3, parsel 1.5.0, w3lib 1.19.0, Twisted 18.7.0, Python 3.6.5 (default, May  3 2018, 10:08:28) - [GCC 5.4.0 20160609], pyOpenSSL 18.0.0 (OpenSSL 1.1.0h  27 Mar 2018), cryptography 2.2.2, Platform Linux-4.4.0-130-generic-x86_64-with-Ubuntu-16.04-xenial
Fri, 27 Jul 2018 18:03:18 crawler.py[line:38] INFO Overridden settings: {'BOT_NAME': 'jobbole', 'DOWNLOAD_DELAY': 3, 'LOG_LEVEL': 'WARNING', 'NEWSPIDER_MODULE': 'jobbole.spiders', 'SPIDER_MODULES': ['jobbole.spiders'], 'USER_AGENT': 'Mozilla/5.0 (Windows NT 6.1; Win64; x64) AppleWebKit/537.36 (KHTML, like Gecko) Chrome/67.0.3396.87 Safari/537.36'}
Fri, 27 Jul 2018 18:03:18 middleware.py[line:53] INFO Enabled extensions:
['scrapy.extensions.corestats.CoreStats',
 'scrapy.extensions.telnet.TelnetConsole',
 'scrapy.extensions.memusage.MemoryUsage',
 'scrapy.extensions.logstats.LogStats']
Fri, 27 Jul 2018 18:03:19 middleware.py[line:53] INFO Enabled downloader middlewares:
['scrapy.downloadermiddlewares.httpauth.HttpAuthMiddleware',
 'scrapy.downloadermiddlewares.downloadtimeout.DownloadTimeoutMiddleware',
 'scrapy.downloadermiddlewares.defaultheaders.DefaultHeadersMiddleware',
 'scrapy.downloadermiddlewares.useragent.UserAgentMiddleware',
 'scrapy.downloadermiddlewares.retry.RetryMiddleware',
 'scrapy.downloadermiddlewares.redirect.MetaRefreshMiddleware',
 'scrapy.downloadermiddlewares.httpcompression.HttpCompressionMiddleware',
 'scrapy.downloadermiddlewares.redirect.RedirectMiddleware',
 'scrapy.downloadermiddlewares.cookies.CookiesMiddleware',
 'scrapy.downloadermiddlewares.httpproxy.HttpProxyMiddleware',
 'scrapy.downloadermiddlewares.stats.DownloaderStats']
Fri, 27 Jul 2018 18:03:19 middleware.py[line:53] INFO Enabled spider middlewares:
['scrapy.spidermiddlewares.httperror.HttpErrorMiddleware',
 'scrapy.spidermiddlewares.offsite.OffsiteMiddleware',
 'scrapy.spidermiddlewares.referer.RefererMiddleware',
 'scrapy.spidermiddlewares.urllength.UrlLengthMiddleware',
 'scrapy.spidermiddlewares.depth.DepthMiddleware']
Fri, 27 Jul 2018 18:03:19 middleware.py[line:53] INFO Enabled item pipelines:
['jobbole.pipelines.MysqlTwistedPipline']
Fri, 27 Jul 2018 18:03:19 engine.py[line:256] INFO Spider opened
Fri, 27 Jul 2018 18:03:19 logstats.py[line:48] INFO Crawled 0 pages (at 0 pages/min), scraped 0 items (at 0 items/min)
Fri, 27 Jul 2018 18:03:19 telnet.py[line:60] DEBUG Telnet console listening on 127.0.0.1:6023
Fri, 27 Jul 2018 18:03:19 engine.py[line:238] DEBUG Crawled (200) <GET http://blog.jobbole.com/all-posts/> (referer: None)
Fri, 27 Jul 2018 18:03:22 engine.py[line:238] DEBUG Crawled (200) <GET http://blog.jobbole.com/114165/> (referer: http://blog.jobbole.com/all-posts/)
